
/home/runner/work/exp-sand-casting-process-dei/exp-sand-casting-process-dei/experiment/simulation/js/main.js
    3:5   warning  'naoh' is assigned a value but never used  no-unused-vars
    4:5   warning  'sand' is assigned a value but never used  no-unused-vars
    5:10  warning  'dispmenu' is defined but never used       no-unused-vars
   25:1   warning  Mixed spaces and tabs                      no-mixed-spaces-and-tabs
   28:10  warning  'invertedDrag' is defined but never used   no-unused-vars
   37:10  warning  'patternInDrag' is defined but never used  no-unused-vars
   46:10  warning  'shovelToSand' is defined but never used   no-unused-vars
   55:10  warning  'sandInDrag' is defined but never used     no-unused-vars
   64:10  warning  'ramming' is defined but never used        no-unused-vars
   73:10  warning  'partingSand' is defined but never used    no-unused-vars
   82:10  warning  'mouldingFlask' is defined but never used  no-unused-vars
   91:10  warning  'sandToFlask' is defined but never used    no-unused-vars
  100:10  warning  'sprue' is defined but never used          no-unused-vars
  109:10  warning  'sandToDrag' is defined but never used     no-unused-vars
  118:10  warning  'riser' is defined but never used          no-unused-vars
  127:10  warning  'sandToMFlask' is defined but never used   no-unused-vars
  136:10  warning  'ram' is defined but never used            no-unused-vars
  145:10  warning  'explodedView' is defined but never used   no-unused-vars
  154:10  warning  'removeSprue' is defined but never used    no-unused-vars
  163:10  warning  'removeDrag' is defined but never used     no-unused-vars
  172:10  warning  'runner' is defined but never used         no-unused-vars
  181:10  warning  'joinDrag' is defined but never used       no-unused-vars
  190:10  warning  'moltenMetal' is defined but never used    no-unused-vars
  199:10  warning  'openDrag' is defined but never used       no-unused-vars
  208:10  warning  'casting' is defined but never used        no-unused-vars
  214:10  warning  'resetfun' is defined but never used       no-unused-vars

✖ 26 problems (0 errors, 26 warnings)

